<?xml version="1.0" encoding="UTF-8"?>
<testng-results ignored="1" total="2" passed="1" failed="0" skipped="0">
  <reporter-output>
  </reporter-output>
  <suite started-at="2023-09-07T09:16:52Z" name="Default suite" finished-at="2023-09-07T09:17:12Z" duration-ms="19568">
    <groups>
    </groups>
    <test started-at="2023-09-07T09:16:52Z" name="Default test" finished-at="2023-09-07T09:17:12Z" duration-ms="19568">
      <class name="com.tests.sampleTest">
        <test-method is-config="true" signature="setUpExecution(java.lang.String)[pri:0, instance:com.tests.sampleTest@6f01b95f]" started-at="2023-09-07T14:46:52Z" name="setUpExecution" finished-at="2023-09-07T14:46:52Z" duration-ms="177" status="PASS">
          <params>
            <param index="0">
              <value is-null="true"/>
            </param>
          </params>
          <reporter-output>
          </reporter-output>
        </test-method> <!-- setUpExecution -->
        <test-method is-config="true" signature="intializeTest()[pri:0, instance:com.tests.sampleTest@6f01b95f]" started-at="2023-09-07T14:46:52Z" name="intializeTest" finished-at="2023-09-07T14:47:03Z" duration-ms="11040" status="PASS">
          <reporter-output>
          </reporter-output>
        </test-method> <!-- intializeTest -->
        <test-method is-config="true" signature="setUpPages()[pri:0, instance:com.tests.sampleTest@6f01b95f]" started-at="2023-09-07T14:47:03Z" name="setUpPages" finished-at="2023-09-07T14:47:03Z" duration-ms="30" status="PASS">
          <reporter-output>
          </reporter-output>
        </test-method> <!-- setUpPages -->
        <test-method signature="test_0001()[pri:0, instance:com.tests.sampleTest@6f01b95f]" started-at="2023-09-07T14:47:03Z" name="test_0001" finished-at="2023-09-07T14:47:11Z" duration-ms="7908" status="PASS">
          <reporter-output>
          </reporter-output>
        </test-method> <!-- test_0001 -->
        <test-method is-config="true" signature="afterMethod()[pri:0, instance:com.tests.sampleTest@6f01b95f]" started-at="2023-09-07T14:47:11Z" name="afterMethod" finished-at="2023-09-07T14:47:12Z" duration-ms="562" status="PASS">
          <reporter-output>
          </reporter-output>
        </test-method> <!-- afterMethod -->
      </class> <!-- com.tests.sampleTest -->
    </test> <!-- Default test -->
  </suite> <!-- Default suite -->
</testng-results>
