<?xml version="1.0" encoding="UTF-8"?>
<testng-results ignored="0" total="1" passed="1" failed="0" skipped="0">
  <reporter-output>
  </reporter-output>
  <suite started-at="2023-09-09T23:02:24 IST" name="TC_01" finished-at="2023-09-09T23:02:46 IST" duration-ms="22391">
    <groups>
    </groups>
    <test started-at="2023-09-09T23:02:24 IST" name="sanityTest" finished-at="2023-09-09T23:02:46 IST" duration-ms="22391">
      <class name="com.tests.sampleTest">
        <test-method is-config="true" signature="setUpExecution(java.lang.String)[pri:0, instance:com.tests.sampleTest@2657d4dd]" started-at="2023-09-09T23:02:24 IST" name="setUpExecution" depends-on-groups="get data from file:{0}" finished-at="2023-09-09T23:02:24 IST" duration-ms="123" status="PASS">
          <params>
            <param index="0">
              <value>
                <![CDATA[qa]]>
              </value>
            </param>
          </params>
          <reporter-output>
          </reporter-output>
        </test-method> <!-- setUpExecution -->
        <test-method is-config="true" signature="initializeReport(org.testng.ITestContext)[pri:0, instance:com.tests.sampleTest@2657d4dd]" started-at="2023-09-09T23:02:24 IST" name="initializeReport" description="initialize the report" finished-at="2023-09-09T23:02:24 IST" duration-ms="253" status="PASS">
          <params>
            <param index="0">
              <value>
                <![CDATA[org.testng.TestRunner@2e66bc32]]>
              </value>
            </param>
          </params>
          <reporter-output>
          </reporter-output>
        </test-method> <!-- initializeReport -->
        <test-method is-config="true" signature="intializeTest(java.lang.reflect.Method,org.testng.ITestContext)[pri:0, instance:com.tests.sampleTest@2657d4dd]" started-at="2023-09-09T23:02:24 IST" name="intializeTest" description="initialize the test before testcase start" finished-at="2023-09-09T23:02:35 IST" duration-ms="10777" status="PASS">
          <params>
            <param index="0">
              <value>
                <![CDATA[public void com.tests.sampleTest.ticket_01()]]>
              </value>
            </param>
            <param index="1">
              <value>
                <![CDATA[org.testng.TestRunner@2e66bc32]]>
              </value>
            </param>
          </params>
          <reporter-output>
          </reporter-output>
        </test-method> <!-- intializeTest -->
        <test-method is-config="true" signature="setUpPages()[pri:0, instance:com.tests.sampleTest@2657d4dd]" started-at="2023-09-09T23:02:35 IST" name="setUpPages" finished-at="2023-09-09T23:02:35 IST" duration-ms="38" status="PASS">
          <reporter-output>
          </reporter-output>
        </test-method> <!-- setUpPages -->
        <test-method signature="ticket_01()[pri:1, instance:com.tests.sampleTest@2657d4dd]" started-at="2023-09-09T23:02:35 IST" name="ticket_01" description="this is the firstTest in the mobileTesting I&#039;m creating" finished-at="2023-09-09T23:02:43 IST" duration-ms="7639" status="PASS">
          <reporter-output>
          </reporter-output>
        </test-method> <!-- ticket_01 -->
        <test-method is-config="true" signature="afterMethod()[pri:0, instance:com.tests.sampleTest@2657d4dd]" started-at="2023-09-09T23:02:45 IST" name="afterMethod" description="quit the driver" finished-at="2023-09-09T23:02:46 IST" duration-ms="588" status="PASS">
          <reporter-output>
          </reporter-output>
        </test-method> <!-- afterMethod -->
        <test-method is-config="true" signature="finalizeExecution()[pri:0, instance:com.tests.sampleTest@2657d4dd]" started-at="2023-09-09T23:02:46 IST" name="finalizeExecution" description="finalize the report" finished-at="2023-09-09T23:02:46 IST" duration-ms="818" status="PASS">
          <reporter-output>
          </reporter-output>
        </test-method> <!-- finalizeExecution -->
      </class> <!-- com.tests.sampleTest -->
    </test> <!-- sanityTest -->
  </suite> <!-- TC_01 -->
</testng-results>
